09:21:38 **** Clean-only build of configuration Default for project esp32_helloworld ****
make clean 
make[1]: Entering directory '/cygdrive/e/Aithinker/13_Aithinker_IDE/AiThinkerIDE_V0.5/cygwin/home/aithinker/project/esp-idf/tools/kconfig'
cc  -D_XOPEN_SOURCE=600 -DCURSES_LOC="<ncurses.h>" -DNCURSES_WIDECHAR=1 -DLOCALE   -c -o mconf.o mconf.c
mconf.c: In function `search_conf?:
mconf.c:424:6: warning: implicit declaration of function `strncasecmp? [-Wimplicit-function-declaration]
  if (strncasecmp(dialog_input_result, CONFIG_, strlen(CONFIG_)) == 0)
      ^
mconf.c: In function `main?:
mconf.c:1029:8: warning: implicit declaration of function `strcasecmp? [-Wimplicit-function-declaration]
   if (!strcasecmp(mode, "single_menu"))
        ^
flex -L -P zconf -o zconf.lex.c zconf.l
zconf.l:255: warning, -s option given but default rule can be matched
bison -t -l -p zconf -o zconf.tab.c zconf.y
sed -E "s/\\x0D$//" zconf.gperf | gperf -t --output-file zconf.hash.c -a -C -E -g -k '1,3,$' -p -t
cc  -D_XOPEN_SOURCE=600 -DCURSES_LOC="<ncurses.h>" -DNCURSES_WIDECHAR=1 -DLOCALE   -c -o zconf.tab.o zconf.tab.c
lxdialog/check-lxdialog.sh -check cc  -D_XOPEN_SOURCE=600 -DCURSES_LOC="<ncurses.h>" -DNCURSES_WIDECHAR=1 -DLOCALE -lncursesw -lintl
cc  -D_XOPEN_SOURCE=600 -DCURSES_LOC="<ncurses.h>" -DNCURSES_WIDECHAR=1 -DLOCALE   -c -o lxdialog/checklist.o lxdialog/checklist.c
cc  -D_XOPEN_SOURCE=600 -DCURSES_LOC="<ncurses.h>" -DNCURSES_WIDECHAR=1 -DLOCALE   -c -o lxdialog/util.o lxdialog/util.c
cc  -D_XOPEN_SOURCE=600 -DCURSES_LOC="<ncurses.h>" -DNCURSES_WIDECHAR=1 -DLOCALE   -c -o lxdialog/inputbox.o lxdialog/inputbox.c
cc  -D_XOPEN_SOURCE=600 -DCURSES_LOC="<ncurses.h>" -DNCURSES_WIDECHAR=1 -DLOCALE   -c -o lxdialog/textbox.o lxdialog/textbox.c
cc  -D_XOPEN_SOURCE=600 -DCURSES_LOC="<ncurses.h>" -DNCURSES_WIDECHAR=1 -DLOCALE   -c -o lxdialog/yesno.o lxdialog/yesno.c
cc  -D_XOPEN_SOURCE=600 -DCURSES_LOC="<ncurses.h>" -DNCURSES_WIDECHAR=1 -DLOCALE   -c -o lxdialog/menubox.o lxdialog/menubox.c
cc -o mconf mconf.o zconf.tab.o lxdialog/checklist.o lxdialog/util.o lxdialog/inputbox.o lxdialog/textbox.o lxdialog/yesno.o lxdialog/menubox.o -lncursesw -lintl
cc  -D_XOPEN_SOURCE=600 -DCURSES_LOC="<ncurses.h>" -DNCURSES_WIDECHAR=1 -DLOCALE   -c -o conf.o conf.c
cc -o conf conf.o  zconf.tab.o -lncursesw -lintl
make[1]: Leaving directory '/cygdrive/e/Aithinker/13_Aithinker_IDE/AiThinkerIDE_V0.5/cygwin/home/aithinker/project/esp-idf/tools/kconfig'
GENCONFIG
RM libbootloader_support.a src/bootloader_random.o src/flash_encrypt.o src/esp_image_format.o src/flash_partitions.o src/secure_boot_signatures.o src/secure_boot.o src/efuse.o src/bootloader_flash.o src/bootloader_random.d src/flash_encrypt.d src/esp_image_format.d src/flash_partitions.d src/secure_boot_signatures.d src/secure_boot.d src/efuse.d src/bootloader_flash.d component_project_vars.mk
RM liblog.a ./log.o ./log.d component_project_vars.mk
RM libspi_flash.a spi_flash_rom_patch.o spi_flash_rom_patch.d component_project_vars.mk
RM libmicro-ecc.a micro-ecc/uECC.o micro-ecc/uECC.d component_project_vars.mk
RM libmain.a ./flash_qio_mode.o ./bootloader_start.o ./flash_qio_mode.d ./bootloader_start.d component_project_vars.mk
RM /home/aithinker/project/esp-idf/examples/get-started/hello_world/build/bootloader/bootloader.elf
RM libapp_update.a ./esp_ota_ops.o ./esp_ota_ops.d component_project_vars.mk
RM libaws_iot.a component_project_vars.mk
RM libbootloader_support.a src/bootloader_random.o src/flash_encrypt.o src/esp_image_format.o src/flash_partitions.o src/secure_boot_signatures.o src/secure_boot.o src/efuse.o src/bootloader_flash.o src/bootloader_random.d src/flash_encrypt.d src/esp_image_format.d src/flash_partitions.d src/secure_boot_signatures.d src/secure_boot.d src/efuse.d src/bootloader_flash.d component_project_vars.mk
RM libbt.a ./bt.o ./bt.d component_project_vars.mk
RM libcoap.a libcoap/src/address.o libcoap/src/async.o libcoap/src/block.o libcoap/src/coap_time.o libcoap/src/debug.o libcoap/src/encode.o libcoap/src/hashkey.o libcoap/src/mem.o libcoap/src/net.o libcoap/src/option.o libcoap/src/pdu.o libcoap/src/resource.o libcoap/src/str.o libcoap/src/subscribe.o libcoap/src/uri.o port/coap_io_socket.o libcoap/src/address.d libcoap/src/async.d libcoap/src/block.d libcoap/src/coap_time.d libcoap/src/debug.d libcoap/src/encode.d libcoap/src/hashkey.d libcoap/src/mem.d libcoap/src/net.d libcoap/src/option.d libcoap/src/pdu.d libcoap/src/resource.d libcoap/src/str.d libcoap/src/subscribe.d libcoap/src/uri.d port/coap_io_socket.d component_project_vars.mk
RM libcxx.a ./cxx_guards.o ./cxx_guards.d component_project_vars.mk
RM libdriver.a ./rtc_module.o ./i2c.o ./sdmmc_host.o ./timer.o ./sdmmc_transaction.o ./rmt.o ./pcnt.o ./gpio.o ./ledc.o ./periph_ctrl.o ./i2s.o ./uart.o ./sigmadelta.o ./spi_master.o ./rtc_module.d ./i2c.d ./sdmmc_host.d ./timer.d ./sdmmc_transaction.d ./rmt.d ./pcnt.d ./gpio.d ./ledc.d ./periph_ctrl.d ./i2s.d ./uart.d ./sigmadelta.d ./spi_master.d component_project_vars.mk
RM libesp32.a ./int_wdt.o ./brownout.o ./system_api.o ./hw_random.o ./cpu_freq.o ./event_loop.o ./core_dump.o ./intr_alloc.o ./ipc.o ./freertos_hooks.o ./heap_alloc_caps.o ./deep_sleep.o ./phy_init.o ./crosscore_int.o ./cpu_util.o ./gdbstub.o ./lib_printf.o ./cpu_start.o ./task_wdt.o ./event_default_handlers.o ./panic.o hwcrypto/aes.o hwcrypto/sha.o ./int_wdt.d ./brownout.d ./system_api.d ./hw_random.d ./cpu_freq.d ./event_loop.d ./core_dump.d ./intr_alloc.d ./ipc.d ./freertos_hooks.d ./heap_alloc_caps.d ./deep_sleep.d ./phy_init.d ./crosscore_int.d ./cpu_util.d ./gdbstub.d ./lib_printf.d ./cpu_start.d ./task_wdt.d ./event_default_handlers.d ./panic.d hwcrypto/aes.d hwcrypto/sha.d esp32_out.ld component_project_vars.mk
RM libethernet.a ./emac_main.o ./emac_dev.o ./emac_main.d ./emac_dev.d component_project_vars.mk
RM libexpat.a library/xmltok_impl.o library/xmlrole.o library/xmlparse.o library/xmltok.o library/xmltok_ns.o port/chardata.o port/expat_element.o port/minicheck.o library/xmltok_impl.d library/xmlrole.d library/xmlparse.d library/xmltok.d library/xmltok_ns.d port/chardata.d port/expat_element.d port/minicheck.d component_project_vars.mk
RM libfatfs.a src/option/unicode.o src/option/syscall.o src/diskio.o src/vfs_fat.o src/vfs_fat_sdmmc.o src/ff.o src/option/unicode.d src/option/syscall.d src/diskio.d src/vfs_fat.d src/vfs_fat_sdmmc.d src/ff.d component_project_vars.mk
RM libfreertos.a ./xtensa_overlay_os_hook.o ./FreeRTOS-openocd.o ./timers.o ./tasks.o ./event_groups.o ./heap_regions.o ./port.o ./xtensa_init.o ./list.o ./croutine.o ./queue.o ./xtensa_intr.o ./heap_regions_debug.o ./ringbuf.o ./portasm.o ./xtensa_vectors.o ./xtensa_context.o ./xtensa_intr_asm.o ./xtensa_overlay_os_hook.d ./FreeRTOS-openocd.d ./timers.d ./tasks.d ./event_groups.d ./heap_regions.d ./port.d ./xtensa_init.d ./list.d ./croutine.d ./queue.d ./xtensa_intr.d ./heap_regions_debug.d ./ringbuf.d ./portasm.d ./xtensa_vectors.d ./xtensa_context.d ./xtensa_intr_asm.d component_project_vars.mk
RM libjsmn.a src//jsmn.o src//jsmn.d component_project_vars.mk
RM libjson.a library/cJSON.o port/cJSON_Utils.o library/cJSON.d port/cJSON_Utils.d component_project_vars.mk
RM liblog.a ./log.o ./log.d component_project_vars.mk
RM liblwip.a api/lwip_debug.o api/sockets.o api/api_msg.o api/err.o api/netbuf.o api/tcpip.o api/netifapi.o api/api_lib.o api/netdb.o api/pppapi.o apps/sntp/sntp.o apps/ping/esp_ping.o apps/ping/ping.o apps/dhcpserver.o core/ipv4/icmp.o core/ipv4/autoip.o core/ipv4/ip4.o core/ipv4/igmp.o core/ipv4/ip4_addr.o core/ipv4/dhcp.o core/ipv4/ip_frag.o core/ipv6/icmp6.o core/ipv6/ethip6.o core/ipv6/mld6.o core/ipv6/nd6.o core/ipv6/ip6.o core/ipv6/ip6_addr.o core/ipv6/inet6.o core/ipv6/dhcp6.o core/ipv6/ip6_frag.o core/tcp_out.o core/udp.o core/def.o core/timers.o core/stats.o core/netif.o core/pbuf.o core/tcp_in.o core/raw.o core/ip.o core/dns.o core/tcp.o core/sys.o core/memp.o core/init.o core/inet_chksum.o core/mem.o netif/ethernetif.o netif/lowpan6.o netif/ethernet.o netif/etharp.o netif/slipif.o port/freertos/sys_arch.o port/netif/ethernetif.o port/netif/wlanif.o api/lwip_debug.d api/sockets.d api/api_msg.d api/err.d api/netbuf.d api/tcpip.d api/netifapi.d api/api_lib.d api/netdb.d api/pppapi.d apps/sntp/sntp.d apps/ping/esp_ping.d apps/ping/ping.d apps/dhcpserver.d core/ipv4/icmp.d core/ipv4/autoip.d core/ipv4/ip4.d core/ipv4/igmp.d core/ipv4/ip4_addr.d core/ipv4/dhcp.d core/ipv4/ip_frag.d core/ipv6/icmp6.d core/ipv6/ethip6.d core/ipv6/mld6.d core/ipv6/nd6.d core/ipv6/ip6.d core/ipv6/ip6_addr.d core/ipv6/inet6.d core/ipv6/dhcp6.d core/ipv6/ip6_frag.d core/tcp_out.d core/udp.d core/def.d core/timers.d core/stats.d core/netif.d core/pbuf.d core/tcp_in.d core/raw.d core/ip.d core/dns.d core/tcp.d core/sys.d core/memp.d core/init.d core/inet_chksum.d core/mem.d netif/ethernetif.d netif/lowpan6.d netif/ethernet.d netif/etharp.d netif/slipif.d port/freertos/sys_arch.d port/netif/ethernetif.d port/netif/wlanif.d component_project_vars.mk
RM libmbedtls.a library/havege.o library/ssl_cookie.o library/md5.o library/certs.o library/ssl_ciphersuites.o library/camellia.o library/x509_crl.o library/threading.o library/aesni.o library/bignum.o library/arc4.o library/cipher_wrap.o library/aes.o library/xtea.o library/base64.o library/sha512.o library/pkcs11.o library/asn1write.o library/oid.o library/ecjpake.o library/ssl_tls.o library/debug.o library/net.o library/ecdh.o library/x509_crt.o library/ssl_srv.o library/ecdsa.o library/md2.o library/x509_create.o library/memory_buffer_alloc.o library/gcm.o library/version.o library/pem.o library/padlock.o library/asn1parse.o library/timing.o library/ssl_cli.o library/pkwrite.o library/ssl_cache.o library/sha256.o library/md_wrap.o library/entropy.o library/md.o library/rsa.o library/ripemd160.o library/version_features.o library/cipher.o library/entropy_poll.o library/dhm.o library/error.o library/ssl_ticket.o library/x509.o library/blowfish.o library/ecp.o library/md4.o library/x509_csr.o library/pkparse.o library/pkcs5.o library/ccm.o library/pkcs12.o library/ecp_curves.o library/pk_wrap.o library/x509write_crt.o library/ctr_drbg.o library/platform.o library/pk.o library/x509write_csr.o library/des.o library/hmac_drbg.o library/sha1.o port/esp_sha512.o port/esp_hardware.o port/esp_bignum.o port/esp_sha256.o port/net.o port/esp_sha1.o port/mbedtls_debug.o library/havege.d library/ssl_cookie.d library/md5.d library/certs.d library/ssl_ciphersuites.d library/camellia.d library/x509_crl.d library/threading.d library/aesni.d library/bignum.d library/arc4.d library/cipher_wrap.d library/aes.d library/xtea.d library/base64.d library/sha512.d library/pkcs11.d library/asn1write.d library/oid.d library/ecjpake.d library/ssl_tls.d library/debug.d library/net.d library/ecdh.d library/x509_crt.d library/ssl_srv.d library/ecdsa.d library/md2.d library/x509_create.d library/memory_buffer_alloc.d library/gcm.d library/version.d library/pem.d library/padlock.d library/asn1parse.d library/timing.d library/ssl_cli.d library/pkwrite.d library/ssl_cache.d library/sha256.d library/md_wrap.d library/entropy.d library/md.d library/rsa.d library/ripemd160.d library/version_features.d library/cipher.d library/entropy_poll.d library/dhm.d library/error.d library/ssl_ticket.d library/x509.d library/blowfish.d library/ecp.d library/md4.d library/x509_csr.d library/pkparse.d library/pkcs5.d library/ccm.d library/pkcs12.d library/ecp_curves.d library/pk_wrap.d library/x509write_crt.d library/ctr_drbg.d library/platform.d library/pk.d library/x509write_csr.d library/des.d library/hmac_drbg.d library/sha1.d port/esp_sha512.d port/esp_hardware.d port/esp_bignum.d port/esp_sha256.d port/net.d port/esp_sha1.d port/mbedtls_debug.d component_project_vars.mk
RM libmdns.a ./mdns.o ./mdns.d component_project_vars.mk
RM libmicro-ecc.a micro-ecc/uECC.o micro-ecc/uECC.d component_project_vars.mk
RM libnewlib.a ./locks.o ./syscall_table.o ./syscalls.o ./reent_init.o ./time.o ./locks.d ./syscall_table.d ./syscalls.d ./reent_init.d ./time.d component_project_vars.mk
RM libnghttp.a library/nghttp2_map.o library/nghttp2_submit.o library/nghttp2_queue.o library/nghttp2_pq.o library/nghttp2_hd_huffman_data.o library/nghttp2_outbound_item.o library/nghttp2_frame.o library/nghttp2_helper.o library/nghttp2_npn.o library/nghttp2_option.o library/nghttp2_buf.o library/nghttp2_priority_spec.o library/nghttp2_hd.o library/nghttp2_stream.o library/nghttp2_session.o library/nghttp2_callbacks.o library/nghttp2_rcbuf.o library/nghttp2_hd_huffman.o library/nghttp2_mem.o library/nghttp2_version.o library/nghttp2_http.o port/http_parser.o library/nghttp2_map.d library/nghttp2_submit.d library/nghttp2_queue.d library/nghttp2_pq.d library/nghttp2_hd_huffman_data.d library/nghttp2_outbound_item.d library/nghttp2_frame.d library/nghttp2_helper.d library/nghttp2_npn.d library/nghttp2_option.d library/nghttp2_buf.d library/nghttp2_priority_spec.d library/nghttp2_hd.d library/nghttp2_stream.d library/nghttp2_session.d library/nghttp2_callbacks.d library/nghttp2_rcbuf.d library/nghttp2_hd_huffman.d library/nghttp2_mem.d library/nghttp2_version.d library/nghttp2_http.d port/http_parser.d component_project_vars.mk
RM libnvs_flash.a src/nvs_api.o src/nvs_storage.o src/nvs_pagemanager.o src/nvs_item_hash_list.o src/nvs_page.o src/nvs_types.o src/nvs_api.d src/nvs_storage.d src/nvs_pagemanager.d src/nvs_item_hash_list.d src/nvs_page.d src/nvs_types.d component_project_vars.mk
RM libopenssl.a library/ssl_stack.o library/ssl_lib.o library/ssl_x509.o library/ssl_pkey.o library/ssl_methods.o library/ssl_cert.o platform/ssl_port.o platform/ssl_pm.o library/ssl_stack.d library/ssl_lib.d library/ssl_x509.d library/ssl_pkey.d library/ssl_methods.d library/ssl_cert.d platform/ssl_port.d platform/ssl_pm.d component_project_vars.mk
RM libsdmmc.a ./sdmmc_cmd.o ./sdmmc_cmd.d component_project_vars.mk
RM libspi_flash.a ./flash_ops.o ./cache_utils.o ./spi_flash_rom_patch.o ./partition.o ./flash_mmap.o ./flash_ops.d ./cache_utils.d ./spi_flash_rom_patch.d ./partition.d ./flash_mmap.d component_project_vars.mk
RM libtcpip_adapter.a ./tcpip_adapter_lwip.o ./tcpip_adapter_lwip.d component_project_vars.mk
RM libulp.a ./ulp_macro.o ./ulp.o ./ulp_macro.d ./ulp.d component_project_vars.mk
RM libvfs.a ./vfs.o ./vfs_uart.o ./vfs.d ./vfs_uart.d component_project_vars.mk
RM libwpa_supplicant.a src/crypto/ms_funcs.o src/crypto/crypto_internal-cipher.o src/crypto/crypto_internal-modexp.o src/crypto/bignum.o src/crypto/sha1-pbkdf2.o src/crypto/aes-cbc.o src/crypto/md5.o src/crypto/rc4.o src/crypto/sha256.o src/crypto/dh_groups.o src/crypto/md4-internal.o src/crypto/sha1-internal.o src/crypto/aes-wrap.o src/crypto/crypto_internal.o src/crypto/dh_group5.o src/crypto/des-internal.o src/crypto/crypto_internal-rsa.o src/crypto/aes-unwrap.o src/crypto/aes-internal-dec.o src/crypto/sha1.o src/crypto/aes-internal.o src/crypto/md5-internal.o src/crypto/sha256-internal.o src/crypto/aes-internal-enc.o port/os_xtensa.o src/crypto/ms_funcs.d src/crypto/crypto_internal-cipher.d src/crypto/crypto_internal-modexp.d src/crypto/bignum.d src/crypto/sha1-pbkdf2.d src/crypto/aes-cbc.d src/crypto/md5.d src/crypto/rc4.d src/crypto/sha256.d src/crypto/dh_groups.d src/crypto/md4-internal.d src/crypto/sha1-internal.d src/crypto/aes-wrap.d src/crypto/crypto_internal.d src/crypto/dh_group5.d src/crypto/des-internal.d src/crypto/crypto_internal-rsa.d src/crypto/aes-unwrap.d src/crypto/aes-internal-dec.d src/crypto/sha1.d src/crypto/aes-internal.d src/crypto/md5-internal.d src/crypto/sha256-internal.d src/crypto/aes-internal-enc.d port/os_xtensa.d component_project_vars.mk
RM libxtensa-debug-module.a ./trax.o ./eri.o ./trax.d ./eri.d component_project_vars.mk
RM libmain.a ./hello_world_main.o ./hello_world_main.d component_project_vars.mk
RM /home/aithinker/project/esp-idf/examples/get-started/hello_world/build/hello-world.elf

09:21:58 Build Finished (took 19s.373ms)

